<?xml version="1.0" encoding="UTF-8"?>
<!-- Generated by org.testng.reporters.JUnitXMLReporter -->
<testsuite hostname="LAPTOP-R2A7MSSV" ignored="0" name="Default test" tests="5" failures="0" timestamp="03 Dec 2019 11:04:16 GMT" time="127.302" errors="0">
  <testcase name="HomePageTitleTest" time="0.012" classname="com.qa.testcases.HomePageTest"/>
  <testcase name="UsernameTest" time="0.163" classname="com.qa.testcases.HomePageTest"/>
  <testcase name="VerifyContactsLinkTest" time="0.253" classname="com.qa.testcases.HomePageTest"/>
  <testcase name="VerifyDealsPageTest" time="0.264" classname="com.qa.testcases.HomePageTest"/>
  <testcase name="VerifyTasksPageTest" time="0.255" classname="com.qa.testcases.HomePageTest"/>
</testsuite> <!-- Default test -->
