<?xml version="1.0" encoding="UTF-8"?>
<!-- Generated by org.testng.reporters.JUnitXMLReporter -->
<testsuite hostname="LAPTOP-R2A7MSSV" ignored="0" name="Free CRM Test Features" tests="5" failures="0" timestamp="03 Dec 2019 11:27:26 GMT" time="120.711" errors="0">
  <testcase name="HomePageTitleTest" time="0.013" classname="com.qa.testcases.HomePageTest"/>
  <testcase name="UsernameTest" time="0.178" classname="com.qa.testcases.HomePageTest"/>
  <testcase name="VerifyContactsLinkTest" time="0.275" classname="com.qa.testcases.HomePageTest"/>
  <testcase name="VerifyDealsPageTest" time="0.304" classname="com.qa.testcases.HomePageTest"/>
  <testcase name="VerifyTasksPageTest" time="0.244" classname="com.qa.testcases.HomePageTest"/>
</testsuite> <!-- Free CRM Test Features -->
