<?xml version="1.0" encoding="UTF-8"?>
<testng-results skipped="0" failed="0" ignored="0" total="5" passed="5">
  <reporter-output>
  </reporter-output>
  <suite name="Free CRM Application Test" duration-ms="120711" started-at="2019-12-03T11:25:25Z" finished-at="2019-12-03T11:27:26Z">
    <groups>
    </groups>
    <test name="Free CRM Test Features" duration-ms="120711" started-at="2019-12-03T11:25:25Z" finished-at="2019-12-03T11:27:26Z">
      <class name="com.qa.testcases.HomePageTest">
        <test-method status="PASS" signature="setup()[pri:0, instance:com.qa.testcases.HomePageTest@29774679]" name="setup" is-config="true" duration-ms="25659" started-at="2019-12-03T16:55:25Z" finished-at="2019-12-03T16:55:51Z">
          <reporter-output>
          </reporter-output>
        </test-method> <!-- setup -->
        <test-method status="PASS" signature="HomePageTitleTest()[pri:1, instance:com.qa.testcases.HomePageTest@29774679]" name="HomePageTitleTest" duration-ms="13" started-at="2019-12-03T16:55:51Z" finished-at="2019-12-03T16:55:51Z">
          <reporter-output>
          </reporter-output>
        </test-method> <!-- HomePageTitleTest -->
        <test-method status="PASS" signature="teardown()[pri:0, instance:com.qa.testcases.HomePageTest@29774679]" name="teardown" is-config="true" duration-ms="656" started-at="2019-12-03T16:55:51Z" finished-at="2019-12-03T16:55:52Z">
          <reporter-output>
          </reporter-output>
        </test-method> <!-- teardown -->
        <test-method status="PASS" signature="setup()[pri:0, instance:com.qa.testcases.HomePageTest@29774679]" name="setup" is-config="true" duration-ms="23185" started-at="2019-12-03T16:55:52Z" finished-at="2019-12-03T16:56:15Z">
          <reporter-output>
          </reporter-output>
        </test-method> <!-- setup -->
        <test-method status="PASS" signature="UsernameTest()[pri:2, instance:com.qa.testcases.HomePageTest@29774679]" name="UsernameTest" duration-ms="178" started-at="2019-12-03T16:56:15Z" finished-at="2019-12-03T16:56:15Z">
          <reporter-output>
          </reporter-output>
        </test-method> <!-- UsernameTest -->
        <test-method status="PASS" signature="teardown()[pri:0, instance:com.qa.testcases.HomePageTest@29774679]" name="teardown" is-config="true" duration-ms="649" started-at="2019-12-03T16:56:15Z" finished-at="2019-12-03T16:56:16Z">
          <reporter-output>
          </reporter-output>
        </test-method> <!-- teardown -->
        <test-method status="PASS" signature="setup()[pri:0, instance:com.qa.testcases.HomePageTest@29774679]" name="setup" is-config="true" duration-ms="22962" started-at="2019-12-03T16:56:16Z" finished-at="2019-12-03T16:56:39Z">
          <reporter-output>
          </reporter-output>
        </test-method> <!-- setup -->
        <test-method status="PASS" signature="VerifyContactsLinkTest()[pri:3, instance:com.qa.testcases.HomePageTest@29774679]" name="VerifyContactsLinkTest" duration-ms="275" started-at="2019-12-03T16:56:39Z" finished-at="2019-12-03T16:56:39Z">
          <reporter-output>
          </reporter-output>
        </test-method> <!-- VerifyContactsLinkTest -->
        <test-method status="PASS" signature="teardown()[pri:0, instance:com.qa.testcases.HomePageTest@29774679]" name="teardown" is-config="true" duration-ms="647" started-at="2019-12-03T16:56:39Z" finished-at="2019-12-03T16:56:40Z">
          <reporter-output>
          </reporter-output>
        </test-method> <!-- teardown -->
        <test-method status="PASS" signature="setup()[pri:0, instance:com.qa.testcases.HomePageTest@29774679]" name="setup" is-config="true" duration-ms="21323" started-at="2019-12-03T16:56:40Z" finished-at="2019-12-03T16:57:01Z">
          <reporter-output>
          </reporter-output>
        </test-method> <!-- setup -->
        <test-method status="PASS" signature="VerifyDealsPageTest()[pri:4, instance:com.qa.testcases.HomePageTest@29774679]" name="VerifyDealsPageTest" duration-ms="304" started-at="2019-12-03T16:57:01Z" finished-at="2019-12-03T16:57:01Z">
          <reporter-output>
          </reporter-output>
        </test-method> <!-- VerifyDealsPageTest -->
        <test-method status="PASS" signature="teardown()[pri:0, instance:com.qa.testcases.HomePageTest@29774679]" name="teardown" is-config="true" duration-ms="646" started-at="2019-12-03T16:57:01Z" finished-at="2019-12-03T16:57:02Z">
          <reporter-output>
          </reporter-output>
        </test-method> <!-- teardown -->
        <test-method status="PASS" signature="setup()[pri:0, instance:com.qa.testcases.HomePageTest@29774679]" name="setup" is-config="true" duration-ms="23277" started-at="2019-12-03T16:57:02Z" finished-at="2019-12-03T16:57:25Z">
          <reporter-output>
          </reporter-output>
        </test-method> <!-- setup -->
        <test-method status="PASS" signature="VerifyTasksPageTest()[pri:5, instance:com.qa.testcases.HomePageTest@29774679]" name="VerifyTasksPageTest" duration-ms="244" started-at="2019-12-03T16:57:25Z" finished-at="2019-12-03T16:57:25Z">
          <reporter-output>
          </reporter-output>
        </test-method> <!-- VerifyTasksPageTest -->
        <test-method status="PASS" signature="teardown()[pri:0, instance:com.qa.testcases.HomePageTest@29774679]" name="teardown" is-config="true" duration-ms="655" started-at="2019-12-03T16:57:25Z" finished-at="2019-12-03T16:57:26Z">
          <reporter-output>
          </reporter-output>
        </test-method> <!-- teardown -->
      </class> <!-- com.qa.testcases.HomePageTest -->
    </test> <!-- Free CRM Test Features -->
  </suite> <!-- Free CRM Application Test -->
</testng-results>
